This file contains any messages produced by compilers while
running configure, to aid debugging if configure makes a mistake.

It was created by The Glorious Glasgow Haskell Compilation System configure 9.6.4, which was
generated by GNU Autoconf 2.69.  Invocation command line was

  $ /home/lucas/.stack/programs/x86_64-linux/ghc-tinfo6-9.6.4.temp/ghc-9.6.4-x86_64-unknown-linux/configure --prefix=/home/lucas/.stack/programs/x86_64-linux/ghc-tinfo6-9.6.4/

## --------- ##
## Platform. ##
## --------- ##

hostname = DESKTOP-4501IMR
uname -m = x86_64
uname -r = 5.15.146.1-microsoft-standard-WSL2
uname -s = Linux
uname -v = #1 SMP Thu Jan 11 04:09:03 UTC 2024

/usr/bin/uname -p = x86_64
/bin/uname -X     = unknown

/bin/arch              = x86_64
/usr/bin/arch -k       = unknown
/usr/convex/getsysinfo = unknown
/usr/bin/hostinfo      = unknown
/bin/machine           = unknown
/usr/bin/oslevel       = unknown
/bin/universe          = unknown

PATH: /usr/local/sbin
PATH: /usr/local/bin
PATH: /usr/sbin
PATH: /usr/bin
PATH: /sbin
PATH: /bin
PATH: /usr/games
PATH: /usr/local/games
PATH: /usr/lib/wsl/lib
PATH: /mnt/c/Windows/system32
PATH: /mnt/c/Windows
PATH: /mnt/c/Windows/System32/Wbem
PATH: /mnt/c/Windows/System32/WindowsPowerShell/v1.0/
PATH: /mnt/c/Windows/System32/OpenSSH/
PATH: /mnt/c/Program Files/dotnet/
PATH: /mnt/c/Users/User/AppData/Local/Microsoft/WindowsApps
PATH: /mnt/c/Users/User/AppData/Local/Programs/Microsoft VS Code/bin
PATH: /snap/bin


## ----------- ##
## Core tests. ##
## ----------- ##

configure:2395: checking build system type
configure:2409: result: x86_64-pc-linux-gnu
configure:2429: checking host system type
configure:2442: result: x86_64-pc-linux-gnu
configure:2462: checking target system type
configure:2475: result: x86_64-pc-linux-gnu
configure:3254: GHC build : x86_64-unknown-linux
configure:3299: GHC host : x86_64-unknown-linux
configure:3344: GHC target : x86_64-unknown-linux
configure:3392: checking for path to top of build tree
configure:3418: result: /mnt/c/Users/User/Documents/LCC/ALP/TPFinal
configure:3460: checking for a BSD-compatible install
configure:3528: result: /usr/bin/install -c
configure:3542: checking whether ln -s works
configure:3546: result: yes
configure:3558: checking for gsed
configure:3589: result: sed
configure:3601: checking for python3
configure:3619: found /usr/bin/python3
configure:3631: result: /usr/bin/python3
configure:3646: checking for gfind
configure:3679: result: no
configure:3646: checking for find
configure:3664: found /usr/bin/find
configure:3676: result: /usr/bin/find
configure:3830: checking for gcc
configure:3846: found /usr/bin/gcc
configure:3857: result: gcc
configure:3888: checking for C compiler version
configure:3897: gcc --version >&5
gcc (Ubuntu 11.4.0-1ubuntu1~22.04) 11.4.0
Copyright (C) 2021 Free Software Foundation, Inc.
This is free software; see the source for copying conditions.  There is NO
warranty; not even for MERCHANTABILITY or FITNESS FOR A PARTICULAR PURPOSE.

configure:3908: $? = 0
configure:3897: gcc -v >&5
Using built-in specs.
COLLECT_GCC=gcc
COLLECT_LTO_WRAPPER=/usr/lib/gcc/x86_64-linux-gnu/11/lto-wrapper
OFFLOAD_TARGET_NAMES=nvptx-none:amdgcn-amdhsa
OFFLOAD_TARGET_DEFAULT=1
Target: x86_64-linux-gnu
Configured with: ../src/configure -v --with-pkgversion='Ubuntu 11.4.0-1ubuntu1~22.04' --with-bugurl=file:///usr/share/doc/gcc-11/README.Bugs --enable-languages=c,ada,c++,go,brig,d,fortran,objc,obj-c++,m2 --prefix=/usr --with-gcc-major-version-only --program-suffix=-11 --program-prefix=x86_64-linux-gnu- --enable-shared --enable-linker-build-id --libexecdir=/usr/lib --without-included-gettext --enable-threads=posix --libdir=/usr/lib --enable-nls --enable-bootstrap --enable-clocale=gnu --enable-libstdcxx-debug --enable-libstdcxx-time=yes --with-default-libstdcxx-abi=new --enable-gnu-unique-object --disable-vtable-verify --enable-plugin --enable-default-pie --with-system-zlib --enable-libphobos-checking=release --with-target-system-zlib=auto --enable-objc-gc=auto --enable-multiarch --disable-werror --enable-cet --with-arch-32=i686 --with-abi=m64 --with-multilib-list=m32,m64,mx32 --enable-multilib --with-tune=generic --enable-offload-targets=nvptx-none=/build/gcc-11-XeT9lY/gcc-11-11.4.0/debian/tmp-nvptx/usr,amdgcn-amdhsa=/build/gcc-11-XeT9lY/gcc-11-11.4.0/debian/tmp-gcn/usr --without-cuda-driver --enable-checking=release --build=x86_64-linux-gnu --host=x86_64-linux-gnu --target=x86_64-linux-gnu --with-build-config=bootstrap-lto-lean --enable-link-serialization=2
Thread model: posix
Supported LTO compression algorithms: zlib zstd
gcc version 11.4.0 (Ubuntu 11.4.0-1ubuntu1~22.04) 
... rest of stderr output deleted ...
configure:3908: $? = 0
configure:3897: gcc -V >&5
gcc: error: unrecognized command-line option '-V'
gcc: fatal error: no input files
compilation terminated.
configure:3908: $? = 1
configure:3897: gcc -qversion >&5
gcc: error: unrecognized command-line option '-qversion'; did you mean '--version'?
gcc: fatal error: no input files
compilation terminated.
configure:3908: $? = 1
configure:3928: checking whether the C compiler works
configure:3950: gcc    conftest.c  >&5
configure:3954: $? = 0
configure:4002: result: yes
configure:4005: checking for C compiler default output file name
configure:4007: result: a.out
configure:4013: checking for suffix of executables
configure:4020: gcc -o conftest    conftest.c  >&5
configure:4024: $? = 0
configure:4046: result: 
configure:4068: checking whether we are cross compiling
configure:4076: gcc -o conftest    conftest.c  >&5
configure:4080: $? = 0
configure:4087: ./conftest
configure:4091: $? = 0
configure:4106: result: no
configure:4111: checking for suffix of object files
configure:4133: gcc -c   conftest.c >&5
configure:4137: $? = 0
configure:4158: result: o
configure:4162: checking whether we are using the GNU C compiler
configure:4181: gcc -c   conftest.c >&5
configure:4181: $? = 0
configure:4190: result: yes
configure:4199: checking whether gcc accepts -g
configure:4219: gcc -c -g  conftest.c >&5
configure:4219: $? = 0
configure:4260: result: yes
configure:4277: checking for gcc option to accept ISO C89
configure:4340: gcc  -c -g -O2  conftest.c >&5
configure:4340: $? = 0
configure:4353: result: none needed
configure:4431: checking for g++
configure:4461: result: no
configure:4431: checking for clang++
configure:4461: result: no
configure:4431: checking for c++
configure:4461: result: no
configure:4485: checking for C++ compiler version
configure:4494: g++ --version >&5
/home/lucas/.stack/programs/x86_64-linux/ghc-tinfo6-9.6.4.temp/ghc-9.6.4-x86_64-unknown-linux/configure: line 4496: g++: command not found
configure:4505: $? = 127
configure:4494: g++ -v >&5
/home/lucas/.stack/programs/x86_64-linux/ghc-tinfo6-9.6.4.temp/ghc-9.6.4-x86_64-unknown-linux/configure: line 4496: g++: command not found
configure:4505: $? = 127
configure:4494: g++ -V >&5
/home/lucas/.stack/programs/x86_64-linux/ghc-tinfo6-9.6.4.temp/ghc-9.6.4-x86_64-unknown-linux/configure: line 4496: g++: command not found
configure:4505: $? = 127
configure:4494: g++ -qversion >&5
/home/lucas/.stack/programs/x86_64-linux/ghc-tinfo6-9.6.4.temp/ghc-9.6.4-x86_64-unknown-linux/configure: line 4496: g++: command not found
configure:4505: $? = 127
configure:4509: checking whether we are using the GNU C++ compiler
configure:4528: g++ -c   conftest.cpp >&5
/home/lucas/.stack/programs/x86_64-linux/ghc-tinfo6-9.6.4.temp/ghc-9.6.4-x86_64-unknown-linux/configure: line 1617: g++: command not found
configure:4528: $? = 127
configure: failed program was:
| /* confdefs.h */
| #define PACKAGE_NAME "The Glorious Glasgow Haskell Compilation System"
| #define PACKAGE_TARNAME "ghc-9.6.4"
| #define PACKAGE_VERSION "9.6.4"
| #define PACKAGE_STRING "The Glorious Glasgow Haskell Compilation System 9.6.4"
| #define PACKAGE_BUGREPORT "glasgow-haskell-bugs@haskell.org"
| #define PACKAGE_URL ""
| /* end confdefs.h.  */
| 
| int
| main ()
| {
| #ifndef __GNUC__
|        choke me
| #endif
| 
|   ;
|   return 0;
| }
configure:4537: result: no
configure:4546: checking whether g++ accepts -g
configure:4566: g++ -c -g  conftest.cpp >&5
/home/lucas/.stack/programs/x86_64-linux/ghc-tinfo6-9.6.4.temp/ghc-9.6.4-x86_64-unknown-linux/configure: line 1617: g++: command not found
configure:4566: $? = 127
configure: failed program was:
| /* confdefs.h */
| #define PACKAGE_NAME "The Glorious Glasgow Haskell Compilation System"
| #define PACKAGE_TARNAME "ghc-9.6.4"
| #define PACKAGE_VERSION "9.6.4"
| #define PACKAGE_STRING "The Glorious Glasgow Haskell Compilation System 9.6.4"
| #define PACKAGE_BUGREPORT "glasgow-haskell-bugs@haskell.org"
| #define PACKAGE_URL ""
| /* end confdefs.h.  */
| 
| int
| main ()
| {
| 
|   ;
|   return 0;
| }
configure:4581: g++ -c   conftest.cpp >&5
/home/lucas/.stack/programs/x86_64-linux/ghc-tinfo6-9.6.4.temp/ghc-9.6.4-x86_64-unknown-linux/configure: line 1617: g++: command not found
configure:4581: $? = 127
configure: failed program was:
| /* confdefs.h */
| #define PACKAGE_NAME "The Glorious Glasgow Haskell Compilation System"
| #define PACKAGE_TARNAME "ghc-9.6.4"
| #define PACKAGE_VERSION "9.6.4"
| #define PACKAGE_STRING "The Glorious Glasgow Haskell Compilation System 9.6.4"
| #define PACKAGE_BUGREPORT "glasgow-haskell-bugs@haskell.org"
| #define PACKAGE_URL ""
| /* end confdefs.h.  */
| 
| int
| main ()
| {
| 
|   ;
|   return 0;
| }
configure:4597: g++ -c -g  conftest.cpp >&5
/home/lucas/.stack/programs/x86_64-linux/ghc-tinfo6-9.6.4.temp/ghc-9.6.4-x86_64-unknown-linux/configure: line 1617: g++: command not found
configure:4597: $? = 127
configure: failed program was:
| /* confdefs.h */
| #define PACKAGE_NAME "The Glorious Glasgow Haskell Compilation System"
| #define PACKAGE_TARNAME "ghc-9.6.4"
| #define PACKAGE_VERSION "9.6.4"
| #define PACKAGE_STRING "The Glorious Glasgow Haskell Compilation System 9.6.4"
| #define PACKAGE_BUGREPORT "glasgow-haskell-bugs@haskell.org"
| #define PACKAGE_URL ""
| /* end confdefs.h.  */
| 
| int
| main ()
| {
| 
|   ;
|   return 0;
| }
configure:4607: result: no
configure:4636: checking how to run the C preprocessor
configure:4667: gcc -E  conftest.c
configure:4667: $? = 0
configure:4681: gcc -E  conftest.c
conftest.c:9:10: fatal error: ac_nonexistent.h: No such file or directory
    9 | #include <ac_nonexistent.h>
      |          ^~~~~~~~~~~~~~~~~~
compilation terminated.
configure:4681: $? = 1
configure: failed program was:
| /* confdefs.h */
| #define PACKAGE_NAME "The Glorious Glasgow Haskell Compilation System"
| #define PACKAGE_TARNAME "ghc-9.6.4"
| #define PACKAGE_VERSION "9.6.4"
| #define PACKAGE_STRING "The Glorious Glasgow Haskell Compilation System 9.6.4"
| #define PACKAGE_BUGREPORT "glasgow-haskell-bugs@haskell.org"
| #define PACKAGE_URL ""
| /* end confdefs.h.  */
| #include <ac_nonexistent.h>
configure:4706: result: gcc -E
configure:4726: gcc -E  conftest.c
configure:4726: $? = 0
configure:4740: gcc -E  conftest.c
conftest.c:9:10: fatal error: ac_nonexistent.h: No such file or directory
    9 | #include <ac_nonexistent.h>
      |          ^~~~~~~~~~~~~~~~~~
compilation terminated.
configure:4740: $? = 1
configure: failed program was:
| /* confdefs.h */
| #define PACKAGE_NAME "The Glorious Glasgow Haskell Compilation System"
| #define PACKAGE_TARNAME "ghc-9.6.4"
| #define PACKAGE_VERSION "9.6.4"
| #define PACKAGE_STRING "The Glorious Glasgow Haskell Compilation System 9.6.4"
| #define PACKAGE_BUGREPORT "glasgow-haskell-bugs@haskell.org"
| #define PACKAGE_URL ""
| /* end confdefs.h.  */
| #include <ac_nonexistent.h>
configure:4880: checking for gcc option to accept ISO C99
configure:5029: gcc  -c -g -O2  conftest.c >&5
configure:5029: $? = 0
configure:5042: result: none needed
configure:5082: checking for gcc option to accept ISO C99
configure:5231: gcc  -c   conftest.c >&5
configure:5231: $? = 0
configure:5244: result: none needed
configure:5284: checking for gcc option to accept ISO C99
configure:5433: gcc  -c   conftest.c >&5
configure:5433: $? = 0
configure:5446: result: none needed
configure:5584: checking for -ld.lld
configure:5614: result: no
configure:5624: checking for ld.lld
configure:5654: result: no
configure:5584: checking for -ld.gold
configure:5614: result: no
configure:5624: checking for ld.gold
configure:5640: found /usr/bin/ld.gold
configure:5651: result: ld.gold
configure:5688: checking whether C compiler supports -fuse-ld=gold
configure:5694: result: yes
configure:6251: checking for ld.gold object merging bug (binutils 22266)
configure:6334: result: not affected
configure:6543: checking whether ld is GNU ld
configure:6554: result: YES
configure:6561: checking whether ld understands -no_compact_unwind
configure:6575: result: yes
configure:6589: checking whether ld understands -filelist
configure:6610: result: no
configure:6624: checking whether ld supports -single_module
configure:6647: result: no
configure:6663: checking for -strip
configure:6693: result: no
configure:6703: checking for strip
configure:6719: found /usr/bin/strip
configure:6730: result: strip
configure:6760: checking for gawk
configure:6776: found /usr/bin/gawk
configure:6787: result: gawk
configure:6850: checking for llc-15
configure:6880: result: no
configure:6850: checking for llc-15.0
configure:6880: result: no
configure:6850: checking for llc15
configure:6880: result: no
configure:6850: checking for llc-14
configure:6880: result: no
configure:6850: checking for llc-14.0
configure:6880: result: no
configure:6850: checking for llc14
configure:6880: result: no
configure:6850: checking for llc-13
configure:6880: result: no
configure:6850: checking for llc-13.0
configure:6880: result: no
configure:6850: checking for llc13
configure:6880: result: no
configure:6850: checking for llc-12
configure:6880: result: no
configure:6850: checking for llc-12.0
configure:6880: result: no
configure:6850: checking for llc12
configure:6880: result: no
configure:6850: checking for llc-11
configure:6880: result: no
configure:6850: checking for llc-11.0
configure:6880: result: no
configure:6850: checking for llc11
configure:6880: result: no
configure:6850: checking for llc
configure:6880: result: no
configure:7052: checking for opt-15
configure:7082: result: no
configure:7052: checking for opt-15.0
configure:7082: result: no
configure:7052: checking for opt15
configure:7082: result: no
configure:7052: checking for opt-14
configure:7082: result: no
configure:7052: checking for opt-14.0
configure:7082: result: no
configure:7052: checking for opt14
configure:7082: result: no
configure:7052: checking for opt-13
configure:7082: result: no
configure:7052: checking for opt-13.0
configure:7082: result: no
configure:7052: checking for opt13
configure:7082: result: no
configure:7052: checking for opt-12
configure:7082: result: no
configure:7052: checking for opt-12.0
configure:7082: result: no
configure:7052: checking for opt12
configure:7082: result: no
configure:7052: checking for opt-11
configure:7082: result: no
configure:7052: checking for opt-11.0
configure:7082: result: no
configure:7052: checking for opt11
configure:7082: result: no
configure:7052: checking for opt
configure:7082: result: no
configure:7208: checking version of gcc
configure:7216: checking version of gcc
configure:7219: result: 11.4.0
configure:7247: result: 11.4.0
configure:7258: checking whether CC supports -no-pie
configure:7264: result: yes
configure:7274: checking for extra options to pass gcc when compiling via C
configure:7287: result: 
configure:7295: checking Setting up CFLAGS, LDFLAGS, IGNORE_LINKER_LD_FLAGS and CPPFLAGS
configure:7382: result: done
configure:7387: checking Setting up CONF_CC_OPTS_STAGE0, CONF_GCC_LINKER_OPTS_STAGE0, CONF_LD_LINKER_OPTS_STAGE0 and CONF_CPP_OPTS_STAGE0
configure:7474: result: done
configure:7479: checking Setting up CONF_CC_OPTS_STAGE1, CONF_GCC_LINKER_OPTS_STAGE1, CONF_LD_LINKER_OPTS_STAGE1 and CONF_CPP_OPTS_STAGE1
configure:7566: result: done
configure:7572: checking Setting up CONF_CC_OPTS_STAGE2, CONF_GCC_LINKER_OPTS_STAGE2, CONF_LD_LINKER_OPTS_STAGE2 and CONF_CPP_OPTS_STAGE2
configure:7659: result: done
configure:7834: checking C++ standard library flavour
configure:7838: error: Failed to compile test program

## ---------------- ##
## Cache variables. ##
## ---------------- ##

ac_cv_build=x86_64-pc-linux-gnu
ac_cv_c_compiler_gnu=yes
ac_cv_cxx_compiler_gnu=no
ac_cv_env_CCC_set=
ac_cv_env_CCC_value=
ac_cv_env_CC_set=
ac_cv_env_CC_value=
ac_cv_env_CFLAGS_set=
ac_cv_env_CFLAGS_value=
ac_cv_env_CPPFLAGS_set=
ac_cv_env_CPPFLAGS_value=
ac_cv_env_CPP_set=
ac_cv_env_CPP_value=
ac_cv_env_CXXFLAGS_set=
ac_cv_env_CXXFLAGS_value=
ac_cv_env_CXX_set=
ac_cv_env_CXX_value=
ac_cv_env_LDFLAGS_set=
ac_cv_env_LDFLAGS_value=
ac_cv_env_LIBS_set=
ac_cv_env_LIBS_value=
ac_cv_env_LLC_set=
ac_cv_env_LLC_value=
ac_cv_env_OPT_set=
ac_cv_env_OPT_value=
ac_cv_env_build_alias_set=
ac_cv_env_build_alias_value=
ac_cv_env_host_alias_set=
ac_cv_env_host_alias_value=
ac_cv_env_target_alias_set=
ac_cv_env_target_alias_value=
ac_cv_host=x86_64-pc-linux-gnu
ac_cv_objext=o
ac_cv_path_PYTHON=/usr/bin/python3
ac_cv_path_SedCmd=sed
ac_cv_path_fp_prog_find=/usr/bin/find
ac_cv_path_install='/usr/bin/install -c'
ac_cv_prog_AWK=gawk
ac_cv_prog_CPP='gcc -E'
ac_cv_prog_ac_ct_CC=gcc
ac_cv_prog_ac_ct_STRIP=strip
ac_cv_prog_ac_ct_TmpLd=ld.gold
ac_cv_prog_cc_c89=
ac_cv_prog_cc_g=yes
ac_cv_prog_cxx_g=no
ac_cv_target=x86_64-pc-linux-gnu
fp_cv_gcc_version=11.4.0
fp_cv_gnu_ld=YES
fp_cv_ld_has_filelist=no
fp_cv_ld_no_compact_unwind=yes
fp_cv_ld_single_module=no

## ----------------- ##
## Output variables. ##
## ----------------- ##

AR=''
ARM_ISA=''
AS=''
AWK='gawk'
ArArgs=''
ArCmd=''
ArIsGNUAr=''
ArSupportsAtFile=''
ArSupportsDashL=''
BuildArch_CPP='x86_64'
BuildOS_CPP='linux'
BuildPlatform='x86_64-unknown-linux'
BuildPlatform_CPP='x86_64_unknown_linux'
BuildVendor_CPP='unknown'
CC='gcc'
CFLAGS='-g -O2 -fuse-ld=gold'
CONF_CC_OPTS_STAGE0=''
CONF_CC_OPTS_STAGE1=''
CONF_CC_OPTS_STAGE2=''
CONF_CPP_OPTS_STAGE0=''
CONF_CPP_OPTS_STAGE1=''
CONF_CPP_OPTS_STAGE2=''
CONF_GCC_LINKER_OPTS_STAGE0=''
CONF_GCC_LINKER_OPTS_STAGE1=' -fuse-ld=gold'
CONF_GCC_LINKER_OPTS_STAGE2=' -fuse-ld=gold'
CONF_LD_LINKER_OPTS_STAGE0=''
CONF_LD_LINKER_OPTS_STAGE1=''
CONF_LD_LINKER_OPTS_STAGE2=''
CPP='gcc -E'
CPPFLAGS=''
CXX='g++'
CXXFLAGS=''
CXX_STD_LIB_DYN_LIB_DIRS=''
CXX_STD_LIB_LIBS=''
CXX_STD_LIB_LIB_DIRS=''
CrossCompilePrefix=''
CrossCompiling='NO'
DEFS=''
ECHO_C=''
ECHO_N='-n'
ECHO_T=''
EGREP=''
EXEEXT=''
FFIIncludeDir=''
FFILibDir=''
FindCmd='/usr/bin/find'
GREP=''
GccExtraViaCOpts=''
GccVersion='11.4.0'
HaskellCPPArgs='-E -undef -traditional'
HaskellCPPCmd='gcc'
HaskellHostArch=''
HaskellHostOs=''
HaskellTargetArch=''
HaskellTargetOs=''
HostArch_CPP='x86_64'
HostOS_CPP='linux'
HostPlatform='x86_64-unknown-linux'
HostPlatform_CPP='x86_64_unknown_linux'
HostVendor_CPP='unknown'
INSTALL_DATA='${INSTALL} -m 644'
INSTALL_NAME_TOOL=''
INSTALL_PROGRAM='${INSTALL}'
INSTALL_SCRIPT='${INSTALL}'
InstallNameToolCmd=''
LD='ld.gold'
LDFLAGS=''
LIBOBJS=''
LIBS=''
LLC=''
LN_S='ln -s'
LTLIBOBJS=''
LdCmd='ld.gold'
LdHasFilelist='NO'
LdHasNoCompactUnwind='YES'
LdHasSingleModule='NO'
LdIsGNULd='YES'
LibdwIncludeDir=''
LibdwLibDir=''
LlcCmd=''
MergeObjsArgs='-r'
MergeObjsCmd='ld.gold'
OBJEXT='o'
OPT=''
OTOOL=''
OptCmd=''
OtoolCmd=''
PACKAGE_BUGREPORT='glasgow-haskell-bugs@haskell.org'
PACKAGE_NAME='The Glorious Glasgow Haskell Compilation System'
PACKAGE_STRING='The Glorious Glasgow Haskell Compilation System 9.6.4'
PACKAGE_TARNAME='ghc-9.6.4'
PACKAGE_URL=''
PACKAGE_VERSION='9.6.4'
PATH_SEPARATOR=':'
PYTHON='/usr/bin/python3'
PythonCmd='/usr/bin/python3'
RANLIB=''
RANLIB_CMD=''
READELF=''
REAL_RANLIB_CMD=''
RanlibCmd=''
SHELL='/bin/bash'
STRIP='strip'
SedCmd='sed'
SettingsArCommand=''
SettingsCCompilerCommand=''
SettingsCCompilerFlags=''
SettingsCCompilerLinkFlags=''
SettingsCCompilerSupportsNoPie=''
SettingsClangCommand=''
SettingsCxxCompilerCommand=''
SettingsCxxCompilerFlags=''
SettingsDllWrapCommand=''
SettingsHaskellCPPCommand=''
SettingsHaskellCPPFlags=''
SettingsInstallNameToolCommand=''
SettingsLdCommand=''
SettingsLdFlags=''
SettingsLlcCommand=''
SettingsMergeObjectsCommand=''
SettingsMergeObjectsFlags=''
SettingsOptCommand=''
SettingsOtoolCommand=''
SettingsRanlibCommand=''
SettingsTouchCommand=''
SettingsUseDistroMINGW=''
SettingsWindresCommand=''
StripCmd='strip'
TablesNextToCode='YES'
TargetArch_CPP='x86_64'
TargetHasGnuNonexecStack=''
TargetHasIdentDirective=''
TargetHasLibm='YES'
TargetHasRTSLinker='YES'
TargetHasSubsectionsViaSymbols=''
TargetOS_CPP='linux'
TargetPlatform='x86_64-unknown-linux'
TargetPlatformFull='x86_64-unknown-linux'
TargetPlatform_CPP='x86_64_unknown_linux'
TargetVendor_CPP='unknown'
TargetWordBigEndian=''
TargetWordSize=''
TmpLd='ld.gold'
Unregisterised='NO'
UseLibdw=''
UseLibffiForAdjustors='NO'
ac_ct_CC='gcc'
ac_ct_CXX=''
ac_ct_LLC=''
ac_ct_OPT=''
bindir='${exec_prefix}/bin'
build='x86_64-unknown-linux'
build_alias=''
build_cpu='x86_64'
build_os='linux-gnu'
build_vendor='pc'
datadir='${datarootdir}'
datarootdir='${prefix}/share'
docdir='${datarootdir}/doc/${PACKAGE_TARNAME}'
dvidir='${docdir}'
exec_prefix='NONE'
exeext_build=''
exeext_host=''
exeext_target=''
fp_prog_ar=''
fp_prog_find='/usr/bin/find'
hardtop='/mnt/c/Users/User/Documents/LCC/ALP/TPFinal'
host='x86_64-unknown-linux'
host_alias=''
host_cpu='x86_64'
host_os='linux-gnu'
host_vendor='pc'
htmldir='${docdir}'
includedir='${prefix}/include'
infodir='${datarootdir}/info'
libdir='${exec_prefix}/lib'
libexecdir='${exec_prefix}/libexec'
localedir='${datarootdir}/locale'
localstatedir='${prefix}/var'
mandir='${datarootdir}/man'
oldincludedir='/usr/include'
pdfdir='${docdir}'
prefix='/home/lucas/.stack/programs/x86_64-linux/ghc-tinfo6-9.6.4'
program_transform_name='s,x,x,'
psdir='${docdir}'
sbindir='${exec_prefix}/sbin'
sharedstatedir='${prefix}/com'
soext_build='.so'
soext_host='.so'
soext_target='.so'
sysconfdir='${prefix}/etc'
target='x86_64-unknown-linux'
target_alias=''
target_cpu='x86_64'
target_os='linux-gnu'
target_vendor='pc'

## ----------- ##
## confdefs.h. ##
## ----------- ##

/* confdefs.h */
#define PACKAGE_NAME "The Glorious Glasgow Haskell Compilation System"
#define PACKAGE_TARNAME "ghc-9.6.4"
#define PACKAGE_VERSION "9.6.4"
#define PACKAGE_STRING "The Glorious Glasgow Haskell Compilation System 9.6.4"
#define PACKAGE_BUGREPORT "glasgow-haskell-bugs@haskell.org"
#define PACKAGE_URL ""

configure: exit 1
